D:\COLLEGE DOCUMENTS\CSCI 3110\PROJECTS\LABLINKEDLISTS-BEARDEN\DEBUG\DNA.OBJ
D:\COLLEGE DOCUMENTS\CSCI 3110\PROJECTS\LABLINKEDLISTS-BEARDEN\DEBUG\DNALIST.OBJ
D:\COLLEGE DOCUMENTS\CSCI 3110\PROJECTS\LABLINKEDLISTS-BEARDEN\DEBUG\LABLINKEDLISTS-MAIN.OBJ
D:\COLLEGE DOCUMENTS\CSCI 3110\PROJECTS\LABLINKEDLISTS-BEARDEN\DEBUG\SEQUENCEDATABASE.OBJ
D:\COLLEGE DOCUMENTS\CSCI 3110\PROJECTS\LABLINKEDLISTS-BEARDEN\DEBUG\VC110.PDB
D:\COLLEGE DOCUMENTS\CSCI 3110\PROJECTS\LABLINKEDLISTS-BEARDEN\DEBUG\LABLINKEDLISTS-BEARDEN.ILK
D:\COLLEGE DOCUMENTS\CSCI 3110\PROJECTS\LABLINKEDLISTS-BEARDEN\DEBUG\LABLINKEDLISTS-BEARDEN.EXE
D:\COLLEGE DOCUMENTS\CSCI 3110\PROJECTS\LABLINKEDLISTS-BEARDEN\DEBUG\LABLINKEDLISTS-BEARDEN.PDB
D:\College Documents\CSCI 3110\Projects\labLinkedLists-Bearden\Debug\DNA.obj
D:\College Documents\CSCI 3110\Projects\labLinkedLists-Bearden\Debug\DNAList.obj
D:\College Documents\CSCI 3110\Projects\labLinkedLists-Bearden\Debug\labLinkedLists-main.obj
D:\College Documents\CSCI 3110\Projects\labLinkedLists-Bearden\Debug\sequenceDatabase.obj
D:\College Documents\CSCI 3110\Projects\labLinkedLists-Bearden\Debug\labLinkedLists-Bearden.ilk
D:\College Documents\CSCI 3110\Projects\labLinkedLists-Bearden\Debug\CL.read.1.tlog
D:\College Documents\CSCI 3110\Projects\labLinkedLists-Bearden\Debug\CL.write.1.tlog
D:\College Documents\CSCI 3110\Projects\labLinkedLists-Bearden\Debug\cl.command.1.tlog
D:\College Documents\CSCI 3110\Projects\labLinkedLists-Bearden\Debug\link-rc.read.1.tlog
D:\College Documents\CSCI 3110\Projects\labLinkedLists-Bearden\Debug\link-rc.write.1.tlog
D:\College Documents\CSCI 3110\Projects\labLinkedLists-Bearden\Debug\link-cvtres.read.1.tlog
D:\College Documents\CSCI 3110\Projects\labLinkedLists-Bearden\Debug\link-cvtres.write.1.tlog
D:\College Documents\CSCI 3110\Projects\labLinkedLists-Bearden\Debug\link.read.1.tlog
D:\College Documents\CSCI 3110\Projects\labLinkedLists-Bearden\Debug\link.write.1.tlog
D:\College Documents\CSCI 3110\Projects\labLinkedLists-Bearden\Debug\link.command.1.tlog
D:\College Documents\CSCI 3110\Projects\labLinkedLists-Bearden\Debug\vc110.idb
D:\College Documents\CSCI 3110\Projects\labLinkedLists-Bearden\Debug\vc110.pdb
D:\College Documents\CSCI 3110\Projects\labLinkedLists-Bearden\Debug\labLinkedLists-Bearden.pdb
D:\College Documents\CSCI 3110\Projects\labLinkedLists-Bearden\Debug\labLinkedLists-Bearden.exe
